1649466739.659354 client started (7468): version 3.0a, socket /tmp/tmux-1000/default, protocol 8
1649466739.660144 on Linux 5.10.16.3-microsoft-standard-WSL2 #1 SMP Fri Apr 2 22:23:49 UTC 2021; libevent 2.1.11-stable (poll)
1649466739.660362 socket is /tmp/tmux-1000/default
1649466739.660620 trying connect
1649466739.660913 add peer 0x56314b4d8e20: 6 ((nil))
1649466739.663244 sending message 100 to peer 0x56314b4d8e20 (4 bytes)
1649466739.663489 sending message 101 to peer 0x56314b4d8e20 (7 bytes)
1649466739.663721 sending message 102 to peer 0x56314b4d8e20 (11 bytes)
1649466739.663930 sending message 108 to peer 0x56314b4d8e20 (31 bytes)
1649466739.664256 sending message 104 to peer 0x56314b4d8e20 (0 bytes)
1649466739.664459 sending message 107 to peer 0x56314b4d8e20 (4 bytes)
1649466739.664672 sending message 105 to peer 0x56314b4d8e20 (11 bytes)
1649466739.664881 sending message 105 to peer 0x56314b4d8e20 (23 bytes)
1649466739.665066 sending message 105 to peer 0x56314b4d8e20 (50 bytes)
1649466739.665251 sending message 105 to peer 0x56314b4d8e20 (43 bytes)
1649466739.665438 sending message 105 to peer 0x56314b4d8e20 (56 bytes)
1649466739.665622 sending message 105 to peer 0x56314b4d8e20 (16 bytes)
1649466739.665803 sending message 105 to peer 0x56314b4d8e20 (86 bytes)
1649466739.665990 sending message 105 to peer 0x56314b4d8e20 (13 bytes)
1649466739.666177 sending message 105 to peer 0x56314b4d8e20 (8 bytes)
1649466739.666356 sending message 105 to peer 0x56314b4d8e20 (20 bytes)
1649466739.666541 sending message 105 to peer 0x56314b4d8e20 (32 bytes)
1649466739.666724 sending message 105 to peer 0x56314b4d8e20 (1506 bytes)
1649466739.666941 sending message 105 to peer 0x56314b4d8e20 (140 bytes)
1649466739.667153 sending message 105 to peer 0x56314b4d8e20 (15 bytes)
1649466739.667360 sending message 105 to peer 0x56314b4d8e20 (57 bytes)
1649466739.667552 sending message 105 to peer 0x56314b4d8e20 (16 bytes)
1649466739.667739 sending message 105 to peer 0x56314b4d8e20 (31 bytes)
1649466739.667922 sending message 105 to peer 0x56314b4d8e20 (66 bytes)
1649466739.668102 sending message 105 to peer 0x56314b4d8e20 (38 bytes)
1649466739.668282 sending message 105 to peer 0x56314b4d8e20 (10 bytes)
1649466739.668465 sending message 105 to peer 0x56314b4d8e20 (12 bytes)
1649466739.668647 sending message 105 to peer 0x56314b4d8e20 (11 bytes)
1649466739.668839 sending message 105 to peer 0x56314b4d8e20 (1866 bytes)
1649466739.669024 sending message 105 to peer 0x56314b4d8e20 (21 bytes)
1649466739.669204 sending message 105 to peer 0x56314b4d8e20 (35 bytes)
1649466739.669390 sending message 105 to peer 0x56314b4d8e20 (35 bytes)
1649466739.669571 sending message 105 to peer 0x56314b4d8e20 (36 bytes)
1649466739.669751 sending message 105 to peer 0x56314b4d8e20 (16 bytes)
1649466739.669938 sending message 105 to peer 0x56314b4d8e20 (24 bytes)
1649466739.670125 sending message 105 to peer 0x56314b4d8e20 (73 bytes)
1649466739.670311 sending message 105 to peer 0x56314b4d8e20 (19 bytes)
1649466739.670491 sending message 105 to peer 0x56314b4d8e20 (8 bytes)
1649466739.670676 sending message 105 to peer 0x56314b4d8e20 (12 bytes)
1649466739.670866 sending message 105 to peer 0x56314b4d8e20 (35 bytes)
1649466739.671051 sending message 105 to peer 0x56314b4d8e20 (13 bytes)
1649466739.671235 sending message 105 to peer 0x56314b4d8e20 (17 bytes)
1649466739.671415 sending message 105 to peer 0x56314b4d8e20 (67 bytes)
1649466739.671599 sending message 105 to peer 0x56314b4d8e20 (26 bytes)
1649466739.671779 sending message 105 to peer 0x56314b4d8e20 (33 bytes)
1649466739.671998 sending message 105 to peer 0x56314b4d8e20 (23 bytes)
1649466739.672192 sending message 105 to peer 0x56314b4d8e20 (33 bytes)
1649466739.672373 sending message 105 to peer 0x56314b4d8e20 (53 bytes)
1649466739.672555 sending message 105 to peer 0x56314b4d8e20 (48 bytes)
1649466739.672738 sending message 105 to peer 0x56314b4d8e20 (38 bytes)
1649466739.672923 sending message 105 to peer 0x56314b4d8e20 (33 bytes)
1649466739.673107 sending message 105 to peer 0x56314b4d8e20 (16 bytes)
1649466739.673314 sending message 105 to peer 0x56314b4d8e20 (23 bytes)
1649466739.673497 sending message 105 to peer 0x56314b4d8e20 (20 bytes)
1649466739.673677 sending message 106 to peer 0x56314b4d8e20 (0 bytes)
1649466739.673873 sending message 200 to peer 0x56314b4d8e20 (4 bytes)
1649466739.674071 client loop enter
1649466739.674710 peer 0x56314b4d8e20 message 211
1649466739.674946 client_write: sessions should be nested with care, unset $TMUX to force\n
1649466739.675165 peer 0x56314b4d8e20 message 203
1649466739.675431 client loop exit
